<?xml version="1.0" encoding="UTF-8"?>
<!-- Generated by org.testng.reporters.JUnitXMLReporter -->
<testsuite hostname="sfscomputer" ignored="0" name="TestHub" tests="1" failures="1" timestamp="14 六月 2021 09:03:38 GMT" time="0.025" errors="0">
  <testcase name="testAdd1" time="0.0" classname="com.testing.testNg.ParamCase">
    <failure type="org.testng.TestNGException" message="
Parameter &amp;apos;param1&amp;apos; is required by @Test on method testAdd1 but has not been marked @Optional or defined
in C:\Users\jsf-0616\.IntelliJIdea2019.1\system\temp-testng-customsuite.xml">
      <![CDATA[org.testng.TestNGException: 
Parameter 'param1' is required by @Test on method testAdd1 but has not been marked @Optional or defined
in C:\Users\jsf-0616\.IntelliJIdea2019.1\system\temp-testng-customsuite.xml
... Removed 23 stack frames]]>
    </failure>
  </testcase> <!-- testAdd1 -->
</testsuite> <!-- TestHub -->
